<?xml version="1.0" encoding="UTF-8"?>
<!-- Generated by org.testng.reporters.JUnitReportReporter -->
<testsuite hostname="LAPTOP-LIAVRUAM" failures="0" tests="1" name="com.simplilearn.RestAssuredPracticeProject.AppTest" time="1.048" errors="0" timestamp="2025-02-16T12:34:00 GMT" skipped="0">
  <testcase classname="com.simplilearn.RestAssuredPracticeProject.AppTest" name="updateBooking" time="1.048"/>
  <system-out/>
</testsuite> <!-- com.simplilearn.RestAssuredPracticeProject.AppTest -->
