<?xml version="1.0" encoding="UTF-8"?>
<!-- Generated by org.testng.reporters.JUnitReportReporter -->
<testsuite hostname="LAPTOP-LIAVRUAM" failures="0" tests="4" name="com.simplilearn.RestAssuredPracticeProject.APITest" time="1.770" errors="0" timestamp="2025-02-16T12:58:45 GMT" skipped="0">
  <testcase classname="com.simplilearn.RestAssuredPracticeProject.APITest" name="createBooking" time="1.669"/>
  <system-out/>
  <testcase classname="com.simplilearn.RestAssuredPracticeProject.APITest" name="updateBooking" time="0.024"/>
  <system-out/>
  <testcase classname="com.simplilearn.RestAssuredPracticeProject.APITest" name="getBookings" time="0.017"/>
  <system-out/>
  <testcase classname="com.simplilearn.RestAssuredPracticeProject.APITest" name="deleteBooking" time="0.060"/>
  <system-out/>
</testsuite> <!-- com.simplilearn.RestAssuredPracticeProject.APITest -->
